<?xml version="1.0" encoding="UTF-8"?>
<!-- Generated by org.testng.reporters.JUnitReportReporter -->
<testsuite hostname="TXCHD-LAP-278" failures="0" tests="4" name="TestClass" time="37.924" errors="0" timestamp="2025-05-29T19:34:46 IST" skipped="0">
  <testcase classname="TestClass" name="getTitle3" time="11.749"/>
  <testcase classname="TestClass" name="getTitle1" time="6.939"/>
  <testcase classname="TestClass" name="getTitle2" time="7.221"/>
  <testcase classname="TestClass" name="getTitle4" time="12.015"/>
</testsuite> <!-- TestClass -->
