<?xml version="1.0" encoding="UTF-8"?>
<!-- Generated by org.testng.reporters.JUnitReportReporter -->
<testsuite hostname="TXCHD-LAP-278" failures="0" tests="3" name="TestClass" time="29.282" errors="0" timestamp="2025-05-29T18:45:17 IST" skipped="0">
  <testcase classname="TestClass" name="getTitle2" time="8.105"/>
  <testcase classname="TestClass" name="getTitle3" time="14.662"/>
  <testcase classname="TestClass" name="getTitle1" time="6.515"/>
</testsuite> <!-- TestClass -->
